1730886380.721335 client started (50509): version 3.4, socket /tmp/tmux-1000/default, protocol 8
1730886380.721366 on Linux 6.11.0-9-generic #9-Ubuntu SMP PREEMPT_DYNAMIC Mon Oct 14 13:19:59 UTC 2024
1730886380.721370 using libevent 2.1.12-stable poll
1730886380.721372 using ncurses 6.5 20240427
1730886380.721392 flags are 0x18010000
1730886380.721405 socket is /tmp/tmux-1000/default
1730886380.721438 trying connect
1730886380.721536 add peer 0x5961ef3858d0: 6 ((nil))
1730886380.721904 sending message 100 to peer 0x5961ef3858d0 (4 bytes)
1730886380.721911 sending message 111 to peer 0x5961ef3858d0 (8 bytes)
1730886380.721915 sending message 101 to peer 0x5961ef3858d0 (15 bytes)
1730886380.721917 sending message 109 to peer 0x5961ef3858d0 (4 bytes)
1730886380.721920 sending message 102 to peer 0x5961ef3858d0 (11 bytes)
1730886380.721923 sending message 108 to peer 0x5961ef3858d0 (26 bytes)
1730886380.721926 sending message 112 to peer 0x5961ef3858d0 (58 bytes)
1730886380.721928 sending message 112 to peer 0x5961ef3858d0 (5 bytes)
1730886380.721931 sending message 112 to peer 0x5961ef3858d0 (5 bytes)
1730886380.721934 sending message 112 to peer 0x5961ef3858d0 (6 bytes)
1730886380.721937 sending message 112 to peer 0x5961ef3858d0 (6 bytes)
1730886380.721939 sending message 112 to peer 0x5961ef3858d0 (11 bytes)
1730886380.721942 sending message 112 to peer 0x5961ef3858d0 (10 bytes)
1730886380.721945 sending message 112 to peer 0x5961ef3858d0 (13 bytes)
1730886380.721947 sending message 112 to peer 0x5961ef3858d0 (14 bytes)
1730886380.721950 sending message 112 to peer 0x5961ef3858d0 (19 bytes)
1730886380.721953 sending message 112 to peer 0x5961ef3858d0 (11 bytes)
1730886380.721955 sending message 112 to peer 0x5961ef3858d0 (10 bytes)
1730886380.721958 sending message 112 to peer 0x5961ef3858d0 (15 bytes)
1730886380.721960 sending message 112 to peer 0x5961ef3858d0 (21 bytes)
1730886380.721963 sending message 112 to peer 0x5961ef3858d0 (13 bytes)
1730886380.721966 sending message 112 to peer 0x5961ef3858d0 (7 bytes)
1730886380.721968 sending message 112 to peer 0x5961ef3858d0 (13 bytes)
1730886380.721971 sending message 112 to peer 0x5961ef3858d0 (7 bytes)
1730886380.721974 sending message 112 to peer 0x5961ef3858d0 (13 bytes)
1730886380.721976 sending message 112 to peer 0x5961ef3858d0 (9 bytes)
1730886380.721979 sending message 112 to peer 0x5961ef3858d0 (21 bytes)
1730886380.721982 sending message 112 to peer 0x5961ef3858d0 (13 bytes)
1730886380.721984 sending message 112 to peer 0x5961ef3858d0 (9 bytes)
1730886380.721987 sending message 112 to peer 0x5961ef3858d0 (16 bytes)
1730886380.721990 sending message 112 to peer 0x5961ef3858d0 (13 bytes)
1730886380.721992 sending message 112 to peer 0x5961ef3858d0 (9 bytes)
1730886380.721995 sending message 112 to peer 0x5961ef3858d0 (9 bytes)
1730886380.721997 sending message 112 to peer 0x5961ef3858d0 (12 bytes)
1730886380.722000 sending message 112 to peer 0x5961ef3858d0 (8 bytes)
1730886380.722003 sending message 112 to peer 0x5961ef3858d0 (8 bytes)
1730886380.722005 sending message 112 to peer 0x5961ef3858d0 (13 bytes)
1730886380.722008 sending message 112 to peer 0x5961ef3858d0 (7 bytes)
1730886380.722011 sending message 112 to peer 0x5961ef3858d0 (7 bytes)
1730886380.722013 sending message 112 to peer 0x5961ef3858d0 (9 bytes)
1730886380.722016 sending message 112 to peer 0x5961ef3858d0 (9 bytes)
1730886380.722019 sending message 112 to peer 0x5961ef3858d0 (15 bytes)
1730886380.722021 sending message 112 to peer 0x5961ef3858d0 (13 bytes)
1730886380.722024 sending message 112 to peer 0x5961ef3858d0 (12 bytes)
1730886380.722027 sending message 112 to peer 0x5961ef3858d0 (8 bytes)
1730886380.722029 sending message 112 to peer 0x5961ef3858d0 (14 bytes)
1730886380.722032 sending message 112 to peer 0x5961ef3858d0 (11 bytes)
1730886380.722035 sending message 112 to peer 0x5961ef3858d0 (9 bytes)
1730886380.722038 sending message 112 to peer 0x5961ef3858d0 (10 bytes)
1730886380.722040 sending message 112 to peer 0x5961ef3858d0 (10 bytes)
1730886380.722043 sending message 112 to peer 0x5961ef3858d0 (10 bytes)
1730886380.722053 sending message 112 to peer 0x5961ef3858d0 (10 bytes)
1730886380.722056 sending message 112 to peer 0x5961ef3858d0 (11 bytes)
1730886380.722058 sending message 112 to peer 0x5961ef3858d0 (12 bytes)
1730886380.722061 sending message 112 to peer 0x5961ef3858d0 (12 bytes)
1730886380.722064 sending message 112 to peer 0x5961ef3858d0 (12 bytes)
1730886380.722066 sending message 112 to peer 0x5961ef3858d0 (12 bytes)
1730886380.722069 sending message 112 to peer 0x5961ef3858d0 (12 bytes)
1730886380.722072 sending message 112 to peer 0x5961ef3858d0 (11 bytes)
1730886380.722074 sending message 112 to peer 0x5961ef3858d0 (11 bytes)
1730886380.722077 sending message 112 to peer 0x5961ef3858d0 (12 bytes)
1730886380.722079 sending message 112 to peer 0x5961ef3858d0 (12 bytes)
1730886380.722082 sending message 112 to peer 0x5961ef3858d0 (12 bytes)
1730886380.722085 sending message 112 to peer 0x5961ef3858d0 (12 bytes)
1730886380.722087 sending message 112 to peer 0x5961ef3858d0 (12 bytes)
1730886380.722090 sending message 112 to peer 0x5961ef3858d0 (9 bytes)
1730886380.722093 sending message 112 to peer 0x5961ef3858d0 (12 bytes)
1730886380.722095 sending message 112 to peer 0x5961ef3858d0 (13 bytes)
1730886380.722098 sending message 112 to peer 0x5961ef3858d0 (13 bytes)
1730886380.722101 sending message 112 to peer 0x5961ef3858d0 (13 bytes)
1730886380.722103 sending message 112 to peer 0x5961ef3858d0 (13 bytes)
1730886380.722106 sending message 112 to peer 0x5961ef3858d0 (13 bytes)
1730886380.722109 sending message 112 to peer 0x5961ef3858d0 (8 bytes)
1730886380.722111 sending message 112 to peer 0x5961ef3858d0 (11 bytes)
1730886380.722114 sending message 112 to peer 0x5961ef3858d0 (11 bytes)
1730886380.722117 sending message 112 to peer 0x5961ef3858d0 (11 bytes)
1730886380.722119 sending message 112 to peer 0x5961ef3858d0 (12 bytes)
1730886380.722122 sending message 112 to peer 0x5961ef3858d0 (12 bytes)
1730886380.722125 sending message 112 to peer 0x5961ef3858d0 (12 bytes)
1730886380.722127 sending message 112 to peer 0x5961ef3858d0 (12 bytes)
1730886380.722130 sending message 112 to peer 0x5961ef3858d0 (13 bytes)
1730886380.722133 sending message 112 to peer 0x5961ef3858d0 (13 bytes)
1730886380.722135 sending message 112 to peer 0x5961ef3858d0 (13 bytes)
1730886380.722138 sending message 112 to peer 0x5961ef3858d0 (8 bytes)
1730886380.722141 sending message 112 to peer 0x5961ef3858d0 (13 bytes)
1730886380.722143 sending message 112 to peer 0x5961ef3858d0 (13 bytes)
1730886380.722146 sending message 112 to peer 0x5961ef3858d0 (13 bytes)
1730886380.722149 sending message 112 to peer 0x5961ef3858d0 (13 bytes)
1730886380.722151 sending message 112 to peer 0x5961ef3858d0 (13 bytes)
1730886380.722154 sending message 112 to peer 0x5961ef3858d0 (12 bytes)
1730886380.722157 sending message 112 to peer 0x5961ef3858d0 (12 bytes)
1730886380.722159 sending message 112 to peer 0x5961ef3858d0 (12 bytes)
1730886380.722162 sending message 112 to peer 0x5961ef3858d0 (12 bytes)
1730886380.722165 sending message 112 to peer 0x5961ef3858d0 (13 bytes)
1730886380.722167 sending message 112 to peer 0x5961ef3858d0 (8 bytes)
1730886380.722170 sending message 112 to peer 0x5961ef3858d0 (13 bytes)
1730886380.722173 sending message 112 to peer 0x5961ef3858d0 (13 bytes)
1730886380.722175 sending message 112 to peer 0x5961ef3858d0 (13 bytes)
1730886380.722178 sending message 112 to peer 0x5961ef3858d0 (13 bytes)
1730886380.722181 sending message 112 to peer 0x5961ef3858d0 (13 bytes)
1730886380.722183 sending message 112 to peer 0x5961ef3858d0 (13 bytes)
1730886380.722186 sending message 112 to peer 0x5961ef3858d0 (13 bytes)
1730886380.722189 sending message 112 to peer 0x5961ef3858d0 (12 bytes)
1730886380.722191 sending message 112 to peer 0x5961ef3858d0 (12 bytes)
1730886380.722194 sending message 112 to peer 0x5961ef3858d0 (12 bytes)
1730886380.722197 sending message 112 to peer 0x5961ef3858d0 (8 bytes)
1730886380.722199 sending message 112 to peer 0x5961ef3858d0 (12 bytes)
1730886380.722202 sending message 112 to peer 0x5961ef3858d0 (13 bytes)
1730886380.722207 sending message 112 to peer 0x5961ef3858d0 (13 bytes)
1730886380.722210 sending message 112 to peer 0x5961ef3858d0 (13 bytes)
1730886380.722213 sending message 112 to peer 0x5961ef3858d0 (13 bytes)
1730886380.722216 sending message 112 to peer 0x5961ef3858d0 (13 bytes)
1730886380.722218 sending message 112 to peer 0x5961ef3858d0 (13 bytes)
1730886380.722221 sending message 112 to peer 0x5961ef3858d0 (13 bytes)
1730886380.722224 sending message 112 to peer 0x5961ef3858d0 (13 bytes)
1730886380.722226 sending message 112 to peer 0x5961ef3858d0 (12 bytes)
1730886380.722229 sending message 112 to peer 0x5961ef3858d0 (10 bytes)
1730886380.722231 sending message 112 to peer 0x5961ef3858d0 (12 bytes)
1730886380.722234 sending message 112 to peer 0x5961ef3858d0 (12 bytes)
1730886380.722237 sending message 112 to peer 0x5961ef3858d0 (12 bytes)
1730886380.722239 sending message 112 to peer 0x5961ef3858d0 (13 bytes)
1730886380.722242 sending message 112 to peer 0x5961ef3858d0 (13 bytes)
1730886380.722244 sending message 112 to peer 0x5961ef3858d0 (13 bytes)
1730886380.722247 sending message 112 to peer 0x5961ef3858d0 (13 bytes)
1730886380.722250 sending message 112 to peer 0x5961ef3858d0 (13 bytes)
1730886380.722252 sending message 112 to peer 0x5961ef3858d0 (13 bytes)
1730886380.722255 sending message 112 to peer 0x5961ef3858d0 (13 bytes)
1730886380.722258 sending message 112 to peer 0x5961ef3858d0 (10 bytes)
1730886380.722260 sending message 112 to peer 0x5961ef3858d0 (13 bytes)
1730886380.722263 sending message 112 to peer 0x5961ef3858d0 (12 bytes)
1730886380.722266 sending message 112 to peer 0x5961ef3858d0 (12 bytes)
1730886380.722268 sending message 112 to peer 0x5961ef3858d0 (12 bytes)
1730886380.722271 sending message 112 to peer 0x5961ef3858d0 (10 bytes)
1730886380.722273 sending message 112 to peer 0x5961ef3858d0 (10 bytes)
1730886380.722276 sending message 112 to peer 0x5961ef3858d0 (10 bytes)
1730886380.722279 sending message 112 to peer 0x5961ef3858d0 (12 bytes)
1730886380.722281 sending message 112 to peer 0x5961ef3858d0 (13 bytes)
1730886380.722284 sending message 112 to peer 0x5961ef3858d0 (13 bytes)
1730886380.722286 sending message 112 to peer 0x5961ef3858d0 (13 bytes)
1730886380.722289 sending message 112 to peer 0x5961ef3858d0 (13 bytes)
1730886380.722292 sending message 112 to peer 0x5961ef3858d0 (13 bytes)
1730886380.722294 sending message 112 to peer 0x5961ef3858d0 (10 bytes)
1730886380.722297 sending message 112 to peer 0x5961ef3858d0 (11 bytes)
1730886380.722300 sending message 112 to peer 0x5961ef3858d0 (12 bytes)
1730886380.722302 sending message 112 to peer 0x5961ef3858d0 (12 bytes)
1730886380.722305 sending message 112 to peer 0x5961ef3858d0 (12 bytes)
1730886380.722307 sending message 112 to peer 0x5961ef3858d0 (12 bytes)
1730886380.722310 sending message 112 to peer 0x5961ef3858d0 (12 bytes)
1730886380.722313 sending message 112 to peer 0x5961ef3858d0 (11 bytes)
1730886380.722315 sending message 112 to peer 0x5961ef3858d0 (12 bytes)
1730886380.722318 sending message 112 to peer 0x5961ef3858d0 (12 bytes)
1730886380.722321 sending message 112 to peer 0x5961ef3858d0 (13 bytes)
1730886380.722323 sending message 112 to peer 0x5961ef3858d0 (13 bytes)
1730886380.722326 sending message 112 to peer 0x5961ef3858d0 (13 bytes)
1730886380.722328 sending message 112 to peer 0x5961ef3858d0 (13 bytes)
1730886380.722331 sending message 112 to peer 0x5961ef3858d0 (13 bytes)
1730886380.722334 sending message 112 to peer 0x5961ef3858d0 (10 bytes)
1730886380.722336 sending message 112 to peer 0x5961ef3858d0 (9 bytes)
1730886380.722339 sending message 112 to peer 0x5961ef3858d0 (12 bytes)
1730886380.722342 sending message 112 to peer 0x5961ef3858d0 (13 bytes)
1730886380.722344 sending message 112 to peer 0x5961ef3858d0 (13 bytes)
1730886380.722347 sending message 112 to peer 0x5961ef3858d0 (13 bytes)
1730886380.722350 sending message 112 to peer 0x5961ef3858d0 (13 bytes)
1730886380.722352 sending message 112 to peer 0x5961ef3858d0 (13 bytes)
1730886380.722355 sending message 112 to peer 0x5961ef3858d0 (9 bytes)
1730886380.722361 sending message 112 to peer 0x5961ef3858d0 (12 bytes)
1730886380.722363 sending message 112 to peer 0x5961ef3858d0 (13 bytes)
1730886380.722366 sending message 112 to peer 0x5961ef3858d0 (13 bytes)
1730886380.722369 sending message 112 to peer 0x5961ef3858d0 (13 bytes)
1730886380.722371 sending message 112 to peer 0x5961ef3858d0 (13 bytes)
1730886380.722374 sending message 112 to peer 0x5961ef3858d0 (13 bytes)
1730886380.722377 sending message 112 to peer 0x5961ef3858d0 (11 bytes)
1730886380.722379 sending message 112 to peer 0x5961ef3858d0 (12 bytes)
1730886380.722382 sending message 112 to peer 0x5961ef3858d0 (13 bytes)
1730886380.722385 sending message 112 to peer 0x5961ef3858d0 (13 bytes)
1730886380.722387 sending message 112 to peer 0x5961ef3858d0 (13 bytes)
1730886380.722390 sending message 112 to peer 0x5961ef3858d0 (13 bytes)
1730886380.722393 sending message 112 to peer 0x5961ef3858d0 (13 bytes)
1730886380.722395 sending message 112 to peer 0x5961ef3858d0 (11 bytes)
1730886380.722398 sending message 112 to peer 0x5961ef3858d0 (12 bytes)
1730886380.722401 sending message 112 to peer 0x5961ef3858d0 (12 bytes)
1730886380.722404 sending message 112 to peer 0x5961ef3858d0 (12 bytes)
1730886380.722407 sending message 112 to peer 0x5961ef3858d0 (12 bytes)
1730886380.722409 sending message 112 to peer 0x5961ef3858d0 (12 bytes)
1730886380.722412 sending message 112 to peer 0x5961ef3858d0 (21 bytes)
1730886380.722415 sending message 112 to peer 0x5961ef3858d0 (12 bytes)
1730886380.722426 sending message 112 to peer 0x5961ef3858d0 (9 bytes)
1730886380.722432 sending message 112 to peer 0x5961ef3858d0 (6 bytes)
1730886380.722435 sending message 112 to peer 0x5961ef3858d0 (13 bytes)
1730886380.722438 sending message 112 to peer 0x5961ef3858d0 (10 bytes)
1730886380.722441 sending message 112 to peer 0x5961ef3858d0 (24 bytes)
1730886380.722444 sending message 112 to peer 0x5961ef3858d0 (13 bytes)
1730886380.722446 sending message 112 to peer 0x5961ef3858d0 (9 bytes)
1730886380.722449 sending message 112 to peer 0x5961ef3858d0 (70 bytes)
1730886380.722452 sending message 112 to peer 0x5961ef3858d0 (69 bytes)
1730886380.722455 sending message 112 to peer 0x5961ef3858d0 (12 bytes)
1730886380.722457 sending message 112 to peer 0x5961ef3858d0 (10 bytes)
1730886380.722460 sending message 112 to peer 0x5961ef3858d0 (10 bytes)
1730886380.722463 sending message 112 to peer 0x5961ef3858d0 (24 bytes)
1730886380.722466 sending message 112 to peer 0x5961ef3858d0 (13 bytes)
1730886380.722469 sending message 112 to peer 0x5961ef3858d0 (10 bytes)
1730886380.722472 sending message 112 to peer 0x5961ef3858d0 (10 bytes)
1730886380.722474 sending message 112 to peer 0x5961ef3858d0 (10 bytes)
1730886380.722477 sending message 112 to peer 0x5961ef3858d0 (13 bytes)
1730886380.722480 sending message 112 to peer 0x5961ef3858d0 (15 bytes)
1730886380.722483 sending message 112 to peer 0x5961ef3858d0 (5 bytes)
1730886380.722486 sending message 104 to peer 0x5961ef3858d0 (0 bytes)
1730886380.722490 sending message 110 to peer 0x5961ef3858d0 (0 bytes)
1730886380.722494 sending message 107 to peer 0x5961ef3858d0 (4 bytes)
1730886380.722496 sending message 105 to peer 0x5961ef3858d0 (51 bytes)
1730886380.722500 sending message 105 to peer 0x5961ef3858d0 (104 bytes)
1730886380.722502 sending message 105 to peer 0x5961ef3858d0 (17 bytes)
1730886380.722505 sending message 105 to peer 0x5961ef3858d0 (86 bytes)
1730886380.722508 sending message 105 to peer 0x5961ef3858d0 (23 bytes)
1730886380.722511 sending message 105 to peer 0x5961ef3858d0 (30 bytes)
1730886380.722514 sending message 105 to peer 0x5961ef3858d0 (18 bytes)
1730886380.722517 sending message 105 to peer 0x5961ef3858d0 (52 bytes)
1730886380.722519 sending message 105 to peer 0x5961ef3858d0 (12 bytes)
1730886380.722522 sending message 105 to peer 0x5961ef3858d0 (18 bytes)
1730886380.722525 sending message 105 to peer 0x5961ef3858d0 (23 bytes)
1730886380.722527 sending message 105 to peer 0x5961ef3858d0 (20 bytes)
1730886380.722530 sending message 105 to peer 0x5961ef3858d0 (19 bytes)
1730886380.722536 sending message 105 to peer 0x5961ef3858d0 (54 bytes)
1730886380.722539 sending message 105 to peer 0x5961ef3858d0 (11 bytes)
1730886380.722542 sending message 105 to peer 0x5961ef3858d0 (15 bytes)
1730886380.722545 sending message 105 to peer 0x5961ef3858d0 (42 bytes)
1730886380.722547 sending message 105 to peer 0x5961ef3858d0 (28 bytes)
1730886380.722550 sending message 105 to peer 0x5961ef3858d0 (41 bytes)
1730886380.722553 sending message 105 to peer 0x5961ef3858d0 (13 bytes)
1730886380.722555 sending message 105 to peer 0x5961ef3858d0 (23 bytes)
1730886380.722558 sending message 105 to peer 0x5961ef3858d0 (35 bytes)
1730886380.722561 sending message 105 to peer 0x5961ef3858d0 (19 bytes)
1730886380.722563 sending message 105 to peer 0x5961ef3858d0 (44 bytes)
1730886380.722566 sending message 105 to peer 0x5961ef3858d0 (17 bytes)
1730886380.722569 sending message 105 to peer 0x5961ef3858d0 (47 bytes)
1730886380.722572 sending message 105 to peer 0x5961ef3858d0 (29 bytes)
1730886380.722575 sending message 105 to peer 0x5961ef3858d0 (15 bytes)
1730886380.722577 sending message 105 to peer 0x5961ef3858d0 (31 bytes)
1730886380.722580 sending message 105 to peer 0x5961ef3858d0 (20 bytes)
1730886380.722583 sending message 105 to peer 0x5961ef3858d0 (18 bytes)
1730886380.722585 sending message 105 to peer 0x5961ef3858d0 (19 bytes)
1730886380.722588 sending message 105 to peer 0x5961ef3858d0 (21 bytes)
1730886380.722591 sending message 105 to peer 0x5961ef3858d0 (284 bytes)
1730886380.722594 sending message 105 to peer 0x5961ef3858d0 (16 bytes)
1730886380.722597 sending message 105 to peer 0x5961ef3858d0 (20 bytes)
1730886380.722600 sending message 105 to peer 0x5961ef3858d0 (41 bytes)
1730886380.722602 sending message 105 to peer 0x5961ef3858d0 (98 bytes)
1730886380.722605 sending message 105 to peer 0x5961ef3858d0 (23 bytes)
1730886380.722608 sending message 105 to peer 0x5961ef3858d0 (20 bytes)
1730886380.722610 sending message 105 to peer 0x5961ef3858d0 (14 bytes)
1730886380.722613 sending message 105 to peer 0x5961ef3858d0 (11 bytes)
1730886380.722616 sending message 105 to peer 0x5961ef3858d0 (8 bytes)
1730886380.722619 sending message 105 to peer 0x5961ef3858d0 (28 bytes)
1730886380.722621 sending message 105 to peer 0x5961ef3858d0 (11 bytes)
1730886380.722624 sending message 105 to peer 0x5961ef3858d0 (8 bytes)
1730886380.722627 sending message 105 to peer 0x5961ef3858d0 (32 bytes)
1730886380.722630 sending message 105 to peer 0x5961ef3858d0 (1817 bytes)
1730886380.722645 sending message 105 to peer 0x5961ef3858d0 (37 bytes)
1730886380.722648 sending message 105 to peer 0x5961ef3858d0 (16 bytes)
1730886380.722651 sending message 105 to peer 0x5961ef3858d0 (32 bytes)
1730886380.722654 sending message 105 to peer 0x5961ef3858d0 (33 bytes)
1730886380.722657 sending message 105 to peer 0x5961ef3858d0 (16 bytes)
1730886380.722659 sending message 105 to peer 0x5961ef3858d0 (59 bytes)
1730886380.722662 sending message 105 to peer 0x5961ef3858d0 (68 bytes)
1730886380.722665 sending message 105 to peer 0x5961ef3858d0 (16 bytes)
1730886380.722668 sending message 106 to peer 0x5961ef3858d0 (0 bytes)
1730886380.722732 sending message 200 to peer 0x5961ef3858d0 (4 bytes)
1730886380.722737 client loop enter
1730886380.728936 peer 0x5961ef3858d0 message 207
1730886380.728953 sending message 208 to peer 0x5961ef3858d0 (0 bytes)
1730886415.722694 peer 0x5961ef3858d0 message 201
1730886415.722723 sending message 205 to peer 0x5961ef3858d0 (0 bytes)
1730886415.723176 peer 0x5961ef3858d0 message 204
1730886415.723187 client loop exit
